16:40:23.130 [main] INFO  java.lang.Class - Payee selected from Menu
16:40:23.180 [main] INFO  java.lang.Class - Payee page loaded successfully
16:40:24.490 [main] INFO  java.lang.Class - Driver initialized successfully
16:40:25.382 [main] INFO  java.lang.Class - BNZ Demo Website opened
16:40:26.946 [main] INFO  java.lang.Class - Payee selected from Menu
16:40:29.478 [main] INFO  java.lang.Class - Payee details added successfully
16:40:30.758 [main] INFO  java.lang.Class - Driver initialized successfully
16:40:31.425 [main] INFO  java.lang.Class - BNZ Demo Website opened
16:40:33.008 [main] INFO  java.lang.Class - Payee selected from Menu
16:40:33.256 [main] INFO  java.lang.Class - Tring to add Payee details added without any mandatory fields
16:40:33.295 [main] INFO  java.lang.Class - Payee Name validation error displayed since mandatory fields are missing
16:40:38.726 [main] INFO  java.lang.Class - Payee details No validation error message displayed since mandatory fields added
16:40:39.944 [main] INFO  java.lang.Class - Driver initialized successfully
16:40:40.605 [main] INFO  java.lang.Class - BNZ Demo Website opened
16:40:42.171 [main] INFO  java.lang.Class - Payee selected from Menu
16:40:44.652 [main] INFO  java.lang.Class - Payee details added successfully
16:40:44.744 [main] INFO  java.lang.Class - Payee list should be displayed in ascending order
16:40:44.781 [main] INFO  java.lang.Class - Payee Name Clicked to display in reverse order
16:40:44.815 [main] INFO  java.lang.Class - Payee list should be displayed in descending order
16:40:46.065 [main] INFO  java.lang.Class - Driver initialized successfully
16:40:46.811 [main] INFO  java.lang.Class - BNZ Demo Website opened
16:40:48.376 [main] INFO  java.lang.Class - Current balanced for Everyday and Bills Account saved successfully
16:40:51.431 [main] INFO  java.lang.Class - Payment Transfer triggered successfully
16:40:51.453 [main] INFO  java.lang.Class - Current balance of everyday and bills account should be correct after Payment Transferred
