16:21:45.792 [main] INFO  java.lang.Class - Current balance of everyday and bills account should be correct after Payment Transferred
16:28:39.163 [main] INFO  java.lang.Class - Driver initialized successfully
16:28:40.014 [main] INFO  java.lang.Class - BNZ Demo Website opened
16:28:41.908 [main] INFO  java.lang.Class - Payee selected from Menu
16:28:41.924 [main] INFO  java.lang.Class - Payee page loaded successfully
16:28:49.642 [main] INFO  java.lang.Class - Driver initialized successfully
16:28:50.297 [main] INFO  java.lang.Class - BNZ Demo Website opened
16:28:52.227 [main] INFO  java.lang.Class - Payee selected from Menu
16:28:54.105 [main] INFO  java.lang.Class - Payee details added successfully
16:29:02.035 [main] INFO  java.lang.Class - Driver initialized successfully
16:29:02.772 [main] INFO  java.lang.Class - BNZ Demo Website opened
16:29:04.692 [main] INFO  java.lang.Class - Payee selected from Menu
16:29:05.172 [main] INFO  java.lang.Class - Tring to add Payee details added without any mandatory fields
16:29:05.200 [main] INFO  java.lang.Class - Payee Name validation error displayed since mandatory fields are missing
16:29:10.709 [main] INFO  java.lang.Class - Payee details No validation error message displayed since mandatory fields added
16:29:18.255 [main] INFO  java.lang.Class - Driver initialized successfully
16:29:18.892 [main] INFO  java.lang.Class - BNZ Demo Website opened
16:29:20.769 [main] INFO  java.lang.Class - Payee selected from Menu
16:29:22.618 [main] INFO  java.lang.Class - Payee details added successfully
16:29:22.650 [main] INFO  java.lang.Class - Payee list should be displayed in ascending order
16:29:22.879 [main] INFO  java.lang.Class - Payee Name Clicked to display in reverse order
16:29:22.906 [main] INFO  java.lang.Class - Payee list should be displayed in descending order
16:29:30.716 [main] INFO  java.lang.Class - Driver initialized successfully
16:29:31.347 [main] INFO  java.lang.Class - BNZ Demo Website opened
