15:41:23.034 [main] DEBUG io.netty.util.internal.ThreadLocalRandom - -Dio.netty.initialSeedUniquifier: 0x497ab5be8b8a5b95
15:41:23.220 [main] INFO  java.lang.Class - Driver initialized successfully
15:41:24.092 [main] INFO  java.lang.Class - BNZ Demo Website opened
15:41:25.877 [main] INFO  java.lang.Class - Payee selected from Menu
15:41:25.919 [main] INFO  java.lang.Class - Payee page loaded successfully
15:41:25.924 [AsyncHttpClient-1-4] TRACE io.netty.handler.codec.http.websocketx.WebSocket08FrameEncoder - Encoding WebSocket Frame opCode=8 length=26
15:41:27.203 [main] INFO  java.lang.Class - Driver initialized successfully
15:41:28.326 [main] INFO  java.lang.Class - BNZ Demo Website opened
15:41:30.095 [main] INFO  java.lang.Class - Payee selected from Menu
15:41:32.751 [main] INFO  java.lang.Class - Payee details added successfully
15:41:32.752 [AsyncHttpClient-1-7] TRACE io.netty.handler.codec.http.websocketx.WebSocket08FrameEncoder - Encoding WebSocket Frame opCode=8 length=26
15:41:34.011 [main] INFO  java.lang.Class - Driver initialized successfully
15:41:34.721 [main] INFO  java.lang.Class - BNZ Demo Website opened
15:41:36.381 [main] INFO  java.lang.Class - Payee selected from Menu
15:41:36.666 [main] INFO  java.lang.Class - Tring to add Payee details added without any mandatory fields
15:41:36.713 [main] INFO  java.lang.Class - Payee Name validation error displayed since mandatory fields are missing
15:41:42.746 [main] INFO  java.lang.Class - Payee details No validation error message displayed since mandatory fields added
15:41:42.746 [AsyncHttpClient-1-10] TRACE io.netty.handler.codec.http.websocketx.WebSocket08FrameEncoder - Encoding WebSocket Frame opCode=8 length=26
15:41:44.020 [main] INFO  java.lang.Class - Driver initialized successfully
15:41:44.709 [main] INFO  java.lang.Class - BNZ Demo Website opened
15:41:46.315 [main] INFO  java.lang.Class - Payee selected from Menu
15:41:48.840 [main] INFO  java.lang.Class - Payee details added successfully
